<?xml version="1.0" encoding="UTF-8"?>
<testsuite xmlns:xsi="http://www.w3.org/2001/XMLSchema-instance" xsi:noNamespaceSchemaLocation="https://maven.apache.org/surefire/maven-surefire-plugin/xsd/surefire-test-report.xsd" version="3.0.2" name="com.omrbranch.runner.WebRunner" time="11.196" tests="1" errors="0" skipped="0" failures="0">
  <properties>
[...]
</properties>
  <testcase name="Verifying login with valid credentials with Enter Key" classname="Login Module" time="9.679">
    <system-out><![CDATA[
@login
Scenario Outline: Verifying login with valid credentials with Enter Key      &amp#27;[90m# src/test/resources/Features/TC001_Login.feature:20&amp#27;[0m

    Embedding Verifying login with valid credentials with Enter Key [image/png 56790 bytes]

  &amp#27;[32mGiven &amp#27;[0m&amp#27;[32mUser is on the OMR Branch hotel page&amp#27;[0m                                 &amp#27;[90m# com.omrbranch.stepdefinition.TC001_LoginStep.userIsOnTheOMRBranchHotelPage()&amp#27;[0m

    Embedding Verifying login with valid credentials with Enter Key [image/png 56520 bytes]

  &amp#27;[32mWhen &amp#27;[0m&amp#27;[32mUser login &amp#27;[0m&amp#27;[32m&amp#27;[1m"glittermurali@gmail.com"&amp#27;[0m&amp#27;[32m and &amp#27;[0m&amp#27;[32m&amp#27;[1m"PassHack1!"&amp#27;[0m&amp#27;[32m with enter key&amp#27;[0m  &amp#27;[90m# com.omrbranch.stepdefinition.TC001_LoginStep.userLoginAndWithEnterKey(java.lang.String,java.lang.String)&amp#27;[0m

    Embedding Verifying login with valid credentials with Enter Key [image/png 889221 bytes]

  &amp#27;[32mThen &amp#27;[0m&amp#27;[32mUser should verify success message after login &amp#27;[0m&amp#27;[32m&amp#27;[1m"Welcome Muraliganesh"&amp#27;[0m &amp#27;[90m# com.omrbranch.stepdefinition.TC001_LoginStep.userShouldVerifySuccessMessageAfterLogin(java.lang.String)&amp#27;[0m
]]></system-out>
  </testcase>
</testsuite>